[debug] [2019-09-06T13:00:06.538Z] ----------------------------------------------------------------------
[debug] [2019-09-06T13:00:06.540Z] Command:       /usr/local/Cellar/node/12.9.1/bin/node /usr/local/bin/firebase serve
[debug] [2019-09-06T13:00:06.540Z] CLI Version:   7.3.1
[debug] [2019-09-06T13:00:06.540Z] Platform:      darwin
[debug] [2019-09-06T13:00:06.540Z] Node Version:  v12.9.1
[debug] [2019-09-06T13:00:06.541Z] Time:          Fri Sep 06 2019 09:00:06 GMT-0400 (Eastern Daylight Time)
[debug] [2019-09-06T13:00:06.541Z] ----------------------------------------------------------------------
[debug] 
[debug] [2019-09-06T13:00:06.547Z] > command requires scopes: ["email","openid","https://www.googleapis.com/auth/cloudplatformprojects.readonly","https://www.googleapis.com/auth/firebase","https://www.googleapis.com/auth/cloud-platform"]
[debug] [2019-09-06T13:00:06.547Z] > authorizing via signed-in user
[debug] [2019-09-06T13:00:06.547Z] [iam] checking project portfolio-c3b8e for permissions ["firebase.projects.get"]
[debug] [2019-09-06T13:00:06.548Z] > refreshing access token with scopes: ["email","https://www.googleapis.com/auth/cloud-platform","https://www.googleapis.com/auth/cloudplatformprojects.readonly","https://www.googleapis.com/auth/firebase","openid"]
[debug] [2019-09-06T13:00:06.548Z] >>> HTTP REQUEST POST https://www.googleapis.com/oauth2/v3/token  
 <request body omitted>
[debug] [2019-09-06T13:00:06.735Z] <<< HTTP RESPONSE 200
[debug] [2019-09-06T13:00:06.755Z] >>> HTTP REQUEST POST https://cloudresourcemanager.googleapis.com/v1/projects/portfolio-c3b8e:testIamPermissions  

[debug] [2019-09-06T13:00:06.948Z] <<< HTTP RESPONSE 200
[debug] [2019-09-06T13:00:06.950Z] >>> HTTP REQUEST GET https://firebase.googleapis.com/v1beta1/projects/portfolio-c3b8e  
 
[debug] [2019-09-06T13:00:07.292Z] <<< HTTP RESPONSE 200
[info] 
[info] === Serving from '/Users/paulvandyke/galvanize/personalWebsite'...
[info] 
[debug] [2019-09-06T13:00:07.295Z] >>> HTTP REQUEST GET https://firebase.googleapis.com/v1beta1/projects/portfolio-c3b8e/webApps/-/config  
 
[debug] [2019-09-06T13:00:08.896Z] <<< HTTP RESPONSE 200
[info] i  hosting: Serving hosting files from: public
[info] ✔  hosting: Local server: http://localhost:5000
